Сборка начата 28.04.2022 18:27:26.
Уровень детализации журнала: Normal.     1>Проект "D:\_УЧЁБА_\Лабораторные работы\ОАиП (Белодед)\Лаба 17\dop3\dop3.vcxproj" в узле 2 (целевые объекты Build).
     1>PrepareForBuild:
         Создание каталога "Debug\dop3.tlog\".
       InitializeBuildStatus:
         Создание "Debug\dop3.tlog\unsuccessfulbuild", так как было задано "AlwaysCreate".
       ClCompile:
         C:\Program Files\Microsoft Visual Studio\2022\Community\VC\Tools\MSVC\14.31.31103\bin\HostX86\x86\CL.exe /c /ZI /JMC /nologo /W3 /WX- /diagnostics:column /sdl /Od /Oy- /D WIN32 /D _DEBUG /D _CONSOLE /D _UNICODE /D UNICODE /Gm- /EHsc /RTC1 /MDd /GS /fp:precise /Zc:wchar_t /Zc:forScope /Zc:inline /permissive- /Fo"Debug\\" /Fd"Debug\vc143.pdb" /external:W3 /Gd /TP /analyze- /FC /errorReport:prompt dop3.cpp
         dop3.cpp
     1>D:\_УЧЁБА_\Лабораторные работы\ОАиП (Белодед)\Лаба 17\dop3\dop3.cpp(80,1): warning C4326: возвращаемый тип "main" должен быть "int", а не "void"
       Link:
         C:\Program Files\Microsoft Visual Studio\2022\Community\VC\Tools\MSVC\14.31.31103\bin\HostX86\x86\link.exe /ERRORREPORT:PROMPT /OUT:"D:\_УЧЁБА_\Лабораторные работы\ОАиП (Белодед)\Лаба 17\Debug\dop3.exe" /INCREMENTAL /ILK:"Debug\dop3.ilk" /NOLOGO kernel32.lib user32.lib gdi32.lib winspool.lib comdlg32.lib advapi32.lib shell32.lib ole32.lib oleaut32.lib uuid.lib odbc32.lib odbccp32.lib /MANIFEST /MANIFESTUAC:"level='asInvoker' uiAccess='false'" /manifest:embed /DEBUG /PDB:"D:\_УЧЁБА_\Лабораторные работы\ОАиП (Белодед)\Лаба 17\Debug\dop3.pdb" /SUBSYSTEM:CONSOLE /TLBID:1 /DYNAMICBASE /NXCOMPAT /IMPLIB:"D:\_УЧЁБА_\Лабораторные работы\ОАиП (Белодед)\Лаба 17\Debug\dop3.lib" /MACHINE:X86 Debug\dop3.obj
         dop3.vcxproj -> D:\_УЧЁБА_\Лабораторные работы\ОАиП (Белодед)\Лаба 17\Debug\dop3.exe
       FinalizeBuildStatus:
         Файл "Debug\dop3.tlog\unsuccessfulbuild" удаляется.
         Обращение к "Debug\dop3.tlog\dop3.lastbuildstate".
     1>Сборка проекта "D:\_УЧЁБА_\Лабораторные работы\ОАиП (Белодед)\Лаба 17\dop3\dop3.vcxproj" завершена (целевые объекты Build).

Сборка успешно завершена.

       "D:\_УЧЁБА_\Лабораторные работы\ОАиП (Белодед)\Лаба 17\dop3\dop3.vcxproj" (целевой объект Build ) (1) ->
       (Целевой объект ClCompile) -> 
         D:\_УЧЁБА_\Лабораторные работы\ОАиП (Белодед)\Лаба 17\dop3\dop3.cpp(80,1): warning C4326: возвращаемый тип "main" должен быть "int", а не "void"

    Предупреждений: 1
    Ошибок: 0

Прошло времени 00:00:02.18
