Сборка начата 27.04.2022 12:26:30.
Уровень детализации журнала: Normal.     1>Проект "D:\_УЧЁБА_\Лабораторные работы\ОАиП (Белодед)\Лаба 15\dop1\dop1.vcxproj" в узле 2 (целевые объекты Build).
     1>PrepareForBuild:
         Создание каталога "Debug\dop1.tlog\".
       InitializeBuildStatus:
         Создание "Debug\dop1.tlog\unsuccessfulbuild", так как было задано "AlwaysCreate".
       ClCompile:
         C:\Program Files\Microsoft Visual Studio\2022\Community\VC\Tools\MSVC\14.31.31103\bin\HostX86\x86\CL.exe /c /ZI /JMC /nologo /W3 /WX- /diagnostics:column /sdl /Od /Oy- /D WIN32 /D _DEBUG /D _CONSOLE /D _UNICODE /D UNICODE /Gm- /EHsc /RTC1 /MDd /GS /fp:precise /Zc:wchar_t /Zc:forScope /Zc:inline /permissive- /Fo"Debug\\" /Fd"Debug\vc143.pdb" /external:W3 /Gd /TP /analyze- /FC /errorReport:prompt main.cpp funcs.cpp
         main.cpp
     1>D:\_УЧЁБА_\Лабораторные работы\ОАиП (Белодед)\Лаба 15\dop1\main.cpp(31,1): warning C4326: возвращаемый тип "main" должен быть "int", а не "void"
     1>D:\_УЧЁБА_\Лабораторные работы\ОАиП (Белодед)\Лаба 15\dop1\main.cpp(66,23): warning C4018: <: несоответствие типов со знаком и без знака
     1>D:\_УЧЁБА_\Лабораторные работы\ОАиП (Белодед)\Лаба 15\dop1\main.cpp(68,25): warning C4018: <: несоответствие типов со знаком и без знака
     1>D:\_УЧЁБА_\Лабораторные работы\ОАиП (Белодед)\Лаба 15\dop1\main.cpp(36,8): warning C4101: str: неиспользованная локальная переменная
         funcs.cpp
         Создание кода...
       Link:
         C:\Program Files\Microsoft Visual Studio\2022\Community\VC\Tools\MSVC\14.31.31103\bin\HostX86\x86\link.exe /ERRORREPORT:PROMPT /OUT:"D:\_УЧЁБА_\Лабораторные работы\ОАиП (Белодед)\Лаба 15\Debug\dop1.exe" /INCREMENTAL /ILK:"Debug\dop1.ilk" /NOLOGO kernel32.lib user32.lib gdi32.lib winspool.lib comdlg32.lib advapi32.lib shell32.lib ole32.lib oleaut32.lib uuid.lib odbc32.lib odbccp32.lib /MANIFEST /MANIFESTUAC:"level='asInvoker' uiAccess='false'" /manifest:embed /DEBUG /PDB:"D:\_УЧЁБА_\Лабораторные работы\ОАиП (Белодед)\Лаба 15\Debug\dop1.pdb" /SUBSYSTEM:CONSOLE /TLBID:1 /DYNAMICBASE /NXCOMPAT /IMPLIB:"D:\_УЧЁБА_\Лабораторные работы\ОАиП (Белодед)\Лаба 15\Debug\dop1.lib" /MACHINE:X86 Debug\main.obj
         Debug\funcs.obj
         dop1.vcxproj -> D:\_УЧЁБА_\Лабораторные работы\ОАиП (Белодед)\Лаба 15\Debug\dop1.exe
       FinalizeBuildStatus:
         Файл "Debug\dop1.tlog\unsuccessfulbuild" удаляется.
         Обращение к "Debug\dop1.tlog\dop1.lastbuildstate".
     1>Сборка проекта "D:\_УЧЁБА_\Лабораторные работы\ОАиП (Белодед)\Лаба 15\dop1\dop1.vcxproj" завершена (целевые объекты Build).

Сборка успешно завершена.

       "D:\_УЧЁБА_\Лабораторные работы\ОАиП (Белодед)\Лаба 15\dop1\dop1.vcxproj" (целевой объект Build ) (1) ->
       (Целевой объект ClCompile) -> 
         D:\_УЧЁБА_\Лабораторные работы\ОАиП (Белодед)\Лаба 15\dop1\main.cpp(31,1): warning C4326: возвращаемый тип "main" должен быть "int", а не "void"
         D:\_УЧЁБА_\Лабораторные работы\ОАиП (Белодед)\Лаба 15\dop1\main.cpp(66,23): warning C4018: <: несоответствие типов со знаком и без знака
         D:\_УЧЁБА_\Лабораторные работы\ОАиП (Белодед)\Лаба 15\dop1\main.cpp(68,25): warning C4018: <: несоответствие типов со знаком и без знака
         D:\_УЧЁБА_\Лабораторные работы\ОАиП (Белодед)\Лаба 15\dop1\main.cpp(36,8): warning C4101: str: неиспользованная локальная переменная

    Предупреждений: 4
    Ошибок: 0

Прошло времени 00:00:01.58
