Сборка начата 30.06.2022 11:18:52.
Уровень детализации журнала: Normal.     1>Проект "D:\_УЧЁБА_\Лабораторные работы\КПО (Наркевич)\SE_Lab15\SE_Lab15\SE_Lab15.vcxproj" в узле 2 (целевые объекты Build).
     1>InitializeBuildStatus:
         Создание "Debug\SE_Lab15.tlog\unsuccessfulbuild", так как было задано "AlwaysCreate".
       ClCompile:
         C:\Program Files\Microsoft Visual Studio\2022\Community\VC\Tools\MSVC\14.32.31326\bin\HostX86\x86\CL.exe /c /ZI /JMC /nologo /W3 /WX- /diagnostics:column /sdl /Od /Oy- /D WIN32 /D _DEBUG /D _CONSOLE /D _UNICODE /D UNICODE /Gm- /EHsc /RTC1 /MDd /GS /fp:precise /Zc:wchar_t /Zc:forScope /Zc:inline /permissive- /Fo"Debug\\" /Fd"Debug\vc143.pdb" /external:W3 /Gd /TP /analyze- /FC /errorReport:prompt In.cpp
         In.cpp
     1>D:\_УЧЁБА_\Лабораторные работы\КПО (Наркевич)\SE_Lab15\SE_Lab15\In.cpp(95): warning C4715: In::getin: значение возвращается не при всех путях выполнения
       Link:
         C:\Program Files\Microsoft Visual Studio\2022\Community\VC\Tools\MSVC\14.32.31326\bin\HostX86\x86\link.exe /ERRORREPORT:PROMPT /OUT:"D:\_УЧЁБА_\Лабораторные работы\КПО (Наркевич)\SE_Lab15\Debug\SE_Lab15.exe" /INCREMENTAL /ILK:"Debug\SE_Lab15.ilk" /NOLOGO kernel32.lib user32.lib gdi32.lib winspool.lib comdlg32.lib advapi32.lib shell32.lib ole32.lib oleaut32.lib uuid.lib odbc32.lib odbccp32.lib /MANIFEST /MANIFESTUAC:"level='asInvoker' uiAccess='false'" /manifest:embed /DEBUG /PDB:"D:\_УЧЁБА_\Лабораторные работы\КПО (Наркевич)\SE_Lab15\Debug\SE_Lab15.pdb" /SUBSYSTEM:CONSOLE /TLBID:1 /DYNAMICBASE /NXCOMPAT /IMPLIB:"D:\_УЧЁБА_\Лабораторные работы\КПО (Наркевич)\SE_Lab15\Debug\SE_Lab15.lib" /MACHINE:X86 Debug\SE_Lab15_main.obj
         Debug\Error.obj
         Debug\Parm.obj
         Debug\In.obj
         Debug\Log.obj
         SE_Lab15.vcxproj -> D:\_УЧЁБА_\Лабораторные работы\КПО (Наркевич)\SE_Lab15\Debug\SE_Lab15.exe
       FinalizeBuildStatus:
         Файл "Debug\SE_Lab15.tlog\unsuccessfulbuild" удаляется.
         Обращение к "Debug\SE_Lab15.tlog\SE_Lab15.lastbuildstate".
     1>Сборка проекта "D:\_УЧЁБА_\Лабораторные работы\КПО (Наркевич)\SE_Lab15\SE_Lab15\SE_Lab15.vcxproj" завершена (целевые объекты Build).

Сборка успешно завершена.

       "D:\_УЧЁБА_\Лабораторные работы\КПО (Наркевич)\SE_Lab15\SE_Lab15\SE_Lab15.vcxproj" (целевой объект Build ) (1) ->
       (Целевой объект ClCompile) -> 
         D:\_УЧЁБА_\Лабораторные работы\КПО (Наркевич)\SE_Lab15\SE_Lab15\In.cpp(95): warning C4715: In::getin: значение возвращается не при всех путях выполнения

    Предупреждений: 1
    Ошибок: 0

Прошло времени 00:00:02.57
