Сборка начата 27.04.2022 11:44:38.
Уровень детализации журнала: Normal.     1>Проект "D:\_УЧЁБА_\Лабораторные работы\ОАиП (Белодед)\Лаба 15\Лаба 15\Лаба 15.vcxproj" в узле 2 (целевые объекты Build).
     1>InitializeBuildStatus:
         Создание "x64\Debug\Лаба 15.tlog\unsuccessfulbuild", так как было задано "AlwaysCreate".
       ClCompile:
         C:\Program Files\Microsoft Visual Studio\2022\Community\VC\Tools\MSVC\14.31.31103\bin\HostX64\x64\CL.exe /c /ZI /JMC /nologo /W3 /WX- /diagnostics:column /sdl /Od /D _DEBUG /D _CONSOLE /D _UNICODE /D UNICODE /Gm- /EHsc /RTC1 /MDd /GS /fp:precise /Zc:wchar_t /Zc:forScope /Zc:inline /permissive- /Fo"x64\Debug\\" /Fd"x64\Debug\vc143.pdb" /external:W3 /Gd /TP /FC /errorReport:prompt funcs.cpp main.cpp
         funcs.cpp
         main.cpp
     1>D:\_УЧЁБА_\Лабораторные работы\ОАиП (Белодед)\Лаба 15\Лаба 15\main.cpp(4,1): warning C4326: возвращаемый тип "main" должен быть "int", а не "void"
         Создание кода...
       Link:
         C:\Program Files\Microsoft Visual Studio\2022\Community\VC\Tools\MSVC\14.31.31103\bin\HostX64\x64\link.exe /ERRORREPORT:PROMPT /OUT:"D:\_УЧЁБА_\Лабораторные работы\ОАиП (Белодед)\Лаба 15\x64\Debug\Лаба 15.exe" /INCREMENTAL /ILK:"x64\Debug\Лаба 15.ilk" /NOLOGO kernel32.lib user32.lib gdi32.lib winspool.lib comdlg32.lib advapi32.lib shell32.lib ole32.lib oleaut32.lib uuid.lib odbc32.lib odbccp32.lib /MANIFEST /MANIFESTUAC:"level='asInvoker' uiAccess='false'" /manifest:embed /DEBUG /PDB:"D:\_УЧЁБА_\Лабораторные работы\ОАиП (Белодед)\Лаба 15\x64\Debug\Лаба 15.pdb" /SUBSYSTEM:CONSOLE /TLBID:1 /DYNAMICBASE /NXCOMPAT /IMPLIB:"D:\_УЧЁБА_\Лабораторные работы\ОАиП (Белодед)\Лаба 15\x64\Debug\Лаба 15.lib" /MACHINE:X64 x64\Debug\main.obj
         x64\Debug\funcs.obj
         Лаба 15.vcxproj -> D:\_УЧЁБА_\Лабораторные работы\ОАиП (Белодед)\Лаба 15\x64\Debug\Лаба 15.exe
       FinalizeBuildStatus:
         Файл "x64\Debug\Лаба 15.tlog\unsuccessfulbuild" удаляется.
         Обращение к "x64\Debug\Лаба 15.tlog\Лаба 15.lastbuildstate".
     1>Сборка проекта "D:\_УЧЁБА_\Лабораторные работы\ОАиП (Белодед)\Лаба 15\Лаба 15\Лаба 15.vcxproj" завершена (целевые объекты Build).

Сборка успешно завершена.

       "D:\_УЧЁБА_\Лабораторные работы\ОАиП (Белодед)\Лаба 15\Лаба 15\Лаба 15.vcxproj" (целевой объект Build ) (1) ->
       (Целевой объект ClCompile) -> 
         D:\_УЧЁБА_\Лабораторные работы\ОАиП (Белодед)\Лаба 15\Лаба 15\main.cpp(4,1): warning C4326: возвращаемый тип "main" должен быть "int", а не "void"

    Предупреждений: 1
    Ошибок: 0

Прошло времени 00:00:01.31
