Сборка начата 15.04.2022 9:50:18.
Уровень детализации журнала: Normal.     1>Проект "D:\_УЧЁБА_\Лабораторные работы\АиСД (Шиман)\Лаба 5\Лаба 5\Лаба 5.vcxproj" в узле 2 (целевые объекты Build).
     1>InitializeBuildStatus:
         Создание "Debug\Лаба 5.tlog\unsuccessfulbuild", так как было задано "AlwaysCreate".
       ClCompile:
         C:\Program Files\Microsoft Visual Studio\2022\Community\VC\Tools\MSVC\14.31.31103\bin\HostX86\x86\CL.exe /c /ZI /JMC /nologo /W3 /WX- /diagnostics:column /sdl /Od /Oy- /D WIN32 /D _DEBUG /D _CONSOLE /D _UNICODE /D UNICODE /Gm- /EHsc /RTC1 /MDd /GS /fp:precise /Zc:wchar_t /Zc:forScope /Zc:inline /permissive- /Fo"Debug\\" /Fd"Debug\vc143.pdb" /external:W3 /Gd /TP /analyze- /FC /errorReport:prompt Source.cpp
         Source.cpp
     1>D:\_УЧЁБА_\Лабораторные работы\АиСД (Шиман)\Лаба 5\Лаба 5\Source.cpp(27,1): warning C4326: возвращаемый тип "main" должен быть "int", а не "void"
     1>D:\_УЧЁБА_\Лабораторные работы\АиСД (Шиман)\Лаба 5\Лаба 5\Source.cpp(31,20): warning C4018: <: несоответствие типов со знаком и без знака
     1>D:\_УЧЁБА_\Лабораторные работы\АиСД (Шиман)\Лаба 5\Лаба 5\Source.cpp(33,12): warning C4804: <=: небезопасное использование типа "bool" в операции
       Link:
         C:\Program Files\Microsoft Visual Studio\2022\Community\VC\Tools\MSVC\14.31.31103\bin\HostX86\x86\link.exe /ERRORREPORT:PROMPT /OUT:"D:\_УЧЁБА_\Лабораторные работы\АиСД (Шиман)\Лаба 5\Debug\Лаба 5.exe" /INCREMENTAL /ILK:"Debug\Лаба 5.ilk" /NOLOGO kernel32.lib user32.lib gdi32.lib winspool.lib comdlg32.lib advapi32.lib shell32.lib ole32.lib oleaut32.lib uuid.lib odbc32.lib odbccp32.lib /MANIFEST /MANIFESTUAC:"level='asInvoker' uiAccess='false'" /manifest:embed /DEBUG /PDB:"D:\_УЧЁБА_\Лабораторные работы\АиСД (Шиман)\Лаба 5\Debug\Лаба 5.pdb" /SUBSYSTEM:CONSOLE /TLBID:1 /DYNAMICBASE /NXCOMPAT /IMPLIB:"D:\_УЧЁБА_\Лабораторные работы\АиСД (Шиман)\Лаба 5\Debug\Лаба 5.lib" /MACHINE:X86 Debug\Source.obj
         Лаба 5.vcxproj -> D:\_УЧЁБА_\Лабораторные работы\АиСД (Шиман)\Лаба 5\Debug\Лаба 5.exe
       FinalizeBuildStatus:
         Файл "Debug\Лаба 5.tlog\unsuccessfulbuild" удаляется.
         Обращение к "Debug\Лаба 5.tlog\Лаба 5.lastbuildstate".
     1>Сборка проекта "D:\_УЧЁБА_\Лабораторные работы\АиСД (Шиман)\Лаба 5\Лаба 5\Лаба 5.vcxproj" завершена (целевые объекты Build).

Сборка успешно завершена.

       "D:\_УЧЁБА_\Лабораторные работы\АиСД (Шиман)\Лаба 5\Лаба 5\Лаба 5.vcxproj" (целевой объект Build ) (1) ->
       (Целевой объект ClCompile) -> 
         D:\_УЧЁБА_\Лабораторные работы\АиСД (Шиман)\Лаба 5\Лаба 5\Source.cpp(27,1): warning C4326: возвращаемый тип "main" должен быть "int", а не "void"
         D:\_УЧЁБА_\Лабораторные работы\АиСД (Шиман)\Лаба 5\Лаба 5\Source.cpp(31,20): warning C4018: <: несоответствие типов со знаком и без знака
         D:\_УЧЁБА_\Лабораторные работы\АиСД (Шиман)\Лаба 5\Лаба 5\Source.cpp(33,12): warning C4804: <=: небезопасное использование типа "bool" в операции

    Предупреждений: 3
    Ошибок: 0

Прошло времени 00:00:01.51
