Сборка начата 20.10.2021 12:30:41.
Уровень детализации журнала: Normal.     1>Проект "D:\_УЧЁБА_\Wunderwaffe\Шифрование\Чтение из файла\Чтение из файла.vcxproj" в узле 2 (целевые объекты Build).
     1>InitializeBuildStatus:
         Создание "Debug\Чтение из файла.tlog\unsuccessfulbuild", так как было задано "AlwaysCreate".
       ClCompile:
         C:\Program Files (x86)\Microsoft Visual Studio\2019\Community\VC\Tools\MSVC\14.29.30133\bin\HostX86\x86\CL.exe /c /ZI /JMC /nologo /W3 /WX- /diagnostics:column /sdl /Od /Oy- /D WIN32 /D _DEBUG /D _CONSOLE /D _UNICODE /D UNICODE /Gm- /EHsc /RTC1 /MDd /GS /fp:precise /permissive- /Zc:wchar_t /Zc:forScope /Zc:inline /Fo"Debug\\" /Fd"Debug\vc142.pdb" /external:W3 /Gd /TP /analyze- /FC /errorReport:prompt "Чтение из файла.cpp"
         Чтение из файла.cpp
     1>D:\_УЧЁБА_\Wunderwaffe\Шифрование\Чтение из файла\Чтение из файла.cpp(30,27): warning C4018: <: несоответствие типов со знаком и без знака
       Link:
         C:\Program Files (x86)\Microsoft Visual Studio\2019\Community\VC\Tools\MSVC\14.29.30133\bin\HostX86\x86\link.exe /ERRORREPORT:PROMPT /OUT:"D:\_УЧЁБА_\Wunderwaffe\Шифрование\Debug\Чтение из файла.exe" /INCREMENTAL /ILK:"Debug\Чтение из файла.ilk" /NOLOGO kernel32.lib user32.lib gdi32.lib winspool.lib comdlg32.lib advapi32.lib shell32.lib ole32.lib oleaut32.lib uuid.lib odbc32.lib odbccp32.lib /MANIFEST /MANIFESTUAC:"level='asInvoker' uiAccess='false'" /manifest:embed /DEBUG /PDB:"D:\_УЧЁБА_\Wunderwaffe\Шифрование\Debug\Чтение из файла.pdb" /SUBSYSTEM:CONSOLE /TLBID:1 /DYNAMICBASE /NXCOMPAT /IMPLIB:"D:\_УЧЁБА_\Wunderwaffe\Шифрование\Debug\Чтение из файла.lib" /MACHINE:X86 "Debug\Чтение из файла.obj"
         Чтение из файла.vcxproj -> D:\_УЧЁБА_\Wunderwaffe\Шифрование\Debug\Чтение из файла.exe
       FinalizeBuildStatus:
         Файл "Debug\Чтение из файла.tlog\unsuccessfulbuild" удаляется.
         Обращение к "Debug\Чтение из файла.tlog\Чтение из файла.lastbuildstate".
     1>Сборка проекта "D:\_УЧЁБА_\Wunderwaffe\Шифрование\Чтение из файла\Чтение из файла.vcxproj" завершена (целевые объекты Build).

Сборка успешно завершена.

       "D:\_УЧЁБА_\Wunderwaffe\Шифрование\Чтение из файла\Чтение из файла.vcxproj" (целевой объект Build ) (1) ->
       (Целевой объект ClCompile) -> 
         D:\_УЧЁБА_\Wunderwaffe\Шифрование\Чтение из файла\Чтение из файла.cpp(30,27): warning C4018: <: несоответствие типов со знаком и без знака

    Предупреждений: 1
    Ошибок: 0

Прошло времени 00:00:00.76
