Сборка начата 15.11.2021 14:47:30.
Уровень детализации журнала: Normal.     1>Проект "D:\_УЧЁБА_\Wunderwaffe\Треугольник\Треугольник\Треугольник.vcxproj" в узле 2 (целевые объекты Build).
     1>InitializeBuildStatus:
         Создание "Debug\Треугольник.tlog\unsuccessfulbuild", так как было задано "AlwaysCreate".
       ClCompile:
         C:\Program Files (x86)\Microsoft Visual Studio\2019\Community\VC\Tools\MSVC\14.29.30133\bin\HostX86\x86\CL.exe /c /ZI /JMC /nologo /W3 /WX- /diagnostics:column /sdl /Od /Oy- /D WIN32 /D _DEBUG /D _CONSOLE /D _UNICODE /D UNICODE /Gm- /EHsc /RTC1 /MDd /GS /fp:precise /permissive- /Zc:wchar_t /Zc:forScope /Zc:inline /Fo"Debug\\" /Fd"Debug\vc142.pdb" /external:W3 /Gd /TP /analyze- /FC /errorReport:prompt Source1.cpp
         Source1.cpp
     1>D:\_УЧЁБА_\Wunderwaffe\Треугольник\Треугольник\Source1.cpp(20,16): warning C4244: аргумент: преобразование "float" в "int", возможна потеря данных
     1>D:\_УЧЁБА_\Wunderwaffe\Треугольник\Треугольник\Source1.cpp(21,16): warning C4244: аргумент: преобразование "float" в "int", возможна потеря данных
     1>D:\_УЧЁБА_\Wunderwaffe\Треугольник\Треугольник\Source1.cpp(22,16): warning C4244: аргумент: преобразование "float" в "int", возможна потеря данных
     1>D:\_УЧЁБА_\Wunderwaffe\Треугольник\Треугольник\Source1.cpp(56,11): warning C4804: <: небезопасное использование типа "bool" в операции
     1>D:\_УЧЁБА_\Wunderwaffe\Треугольник\Треугольник\Source1.cpp(73,11): warning C4804: <: небезопасное использование типа "bool" в операции
     1>D:\_УЧЁБА_\Wunderwaffe\Треугольник\Треугольник\Source1.cpp(95,1): warning C4326: возвращаемый тип "main" должен быть "int", а не "void"
     1>D:\_УЧЁБА_\Wunderwaffe\Треугольник\Треугольник\Source1.cpp(96,10): warning C4244: инициализация: преобразование "double" в "float", возможна потеря данных
     1>D:\_УЧЁБА_\Wunderwaffe\Треугольник\Треугольник\Source1.cpp(96,40): warning C4244: инициализация: преобразование "double" в "float", возможна потеря данных
     1>D:\_УЧЁБА_\Wunderwaffe\Треугольник\Треугольник\Source1.cpp(103,9): warning C4244: =: преобразование "double" в "float", возможна потеря данных
     1>D:\_УЧЁБА_\Wunderwaffe\Треугольник\Треугольник\Source1.cpp(104,9): warning C4244: =: преобразование "double" в "float", возможна потеря данных
     1>D:\_УЧЁБА_\Wunderwaffe\Треугольник\Треугольник\Source1.cpp(105,9): warning C4244: =: преобразование "double" в "float", возможна потеря данных
       Link:
         C:\Program Files (x86)\Microsoft Visual Studio\2019\Community\VC\Tools\MSVC\14.29.30133\bin\HostX86\x86\link.exe /ERRORREPORT:PROMPT /OUT:"D:\_УЧЁБА_\Wunderwaffe\Треугольник\Debug\Треугольник.exe" /INCREMENTAL /ILK:"Debug\Треугольник.ilk" /NOLOGO kernel32.lib user32.lib gdi32.lib winspool.lib comdlg32.lib advapi32.lib shell32.lib ole32.lib oleaut32.lib uuid.lib odbc32.lib odbccp32.lib /MANIFEST /MANIFESTUAC:"level='asInvoker' uiAccess='false'" /manifest:embed /DEBUG /PDB:"D:\_УЧЁБА_\Wunderwaffe\Треугольник\Debug\Треугольник.pdb" /SUBSYSTEM:CONSOLE /TLBID:1 /DYNAMICBASE /NXCOMPAT /IMPLIB:"D:\_УЧЁБА_\Wunderwaffe\Треугольник\Debug\Треугольник.lib" /MACHINE:X86 Debug\Source1.obj
         Треугольник.vcxproj -> D:\_УЧЁБА_\Wunderwaffe\Треугольник\Debug\Треугольник.exe
       FinalizeBuildStatus:
         Файл "Debug\Треугольник.tlog\unsuccessfulbuild" удаляется.
         Обращение к "Debug\Треугольник.tlog\Треугольник.lastbuildstate".
     1>Сборка проекта "D:\_УЧЁБА_\Wunderwaffe\Треугольник\Треугольник\Треугольник.vcxproj" завершена (целевые объекты Build).

Сборка успешно завершена.

       "D:\_УЧЁБА_\Wunderwaffe\Треугольник\Треугольник\Треугольник.vcxproj" (целевой объект Build ) (1) ->
       (Целевой объект ClCompile) -> 
         D:\_УЧЁБА_\Wunderwaffe\Треугольник\Треугольник\Source1.cpp(20,16): warning C4244: аргумент: преобразование "float" в "int", возможна потеря данных
         D:\_УЧЁБА_\Wunderwaffe\Треугольник\Треугольник\Source1.cpp(21,16): warning C4244: аргумент: преобразование "float" в "int", возможна потеря данных
         D:\_УЧЁБА_\Wunderwaffe\Треугольник\Треугольник\Source1.cpp(22,16): warning C4244: аргумент: преобразование "float" в "int", возможна потеря данных
         D:\_УЧЁБА_\Wunderwaffe\Треугольник\Треугольник\Source1.cpp(56,11): warning C4804: <: небезопасное использование типа "bool" в операции
         D:\_УЧЁБА_\Wunderwaffe\Треугольник\Треугольник\Source1.cpp(73,11): warning C4804: <: небезопасное использование типа "bool" в операции
         D:\_УЧЁБА_\Wunderwaffe\Треугольник\Треугольник\Source1.cpp(95,1): warning C4326: возвращаемый тип "main" должен быть "int", а не "void"
         D:\_УЧЁБА_\Wunderwaffe\Треугольник\Треугольник\Source1.cpp(96,10): warning C4244: инициализация: преобразование "double" в "float", возможна потеря данных
         D:\_УЧЁБА_\Wunderwaffe\Треугольник\Треугольник\Source1.cpp(96,40): warning C4244: инициализация: преобразование "double" в "float", возможна потеря данных
         D:\_УЧЁБА_\Wunderwaffe\Треугольник\Треугольник\Source1.cpp(103,9): warning C4244: =: преобразование "double" в "float", возможна потеря данных
         D:\_УЧЁБА_\Wunderwaffe\Треугольник\Треугольник\Source1.cpp(104,9): warning C4244: =: преобразование "double" в "float", возможна потеря данных
         D:\_УЧЁБА_\Wunderwaffe\Треугольник\Треугольник\Source1.cpp(105,9): warning C4244: =: преобразование "double" в "float", возможна потеря данных

    Предупреждений: 11
    Ошибок: 0

Прошло времени 00:00:02.42
